<?xml version="1.0" encoding="UTF-8"?>
<testsuite xmlns:xsi="http://www.w3.org/2001/XMLSchema-instance" xsi:noNamespaceSchemaLocation="https://maven.apache.org/surefire/maven-surefire-plugin/xsd/surefire-test-report-3.0.xsd" version="3.0" name="sg.edu.nus.iss.epat.tdd.workshop.ToDoListTest" time="0.115" tests="4" errors="0" skipped="0" failures="0">
  <properties>
[...]
</properties>
  <testcase name="testAddTask" classname="sg.edu.nus.iss.epat.tdd.workshop.ToDoListTest" time="0.009"/>
  <testcase name="testGetCompletedTasks" classname="sg.edu.nus.iss.epat.tdd.workshop.ToDoListTest" time="0.0"/>
  <testcase name="testRemoveTask" classname="sg.edu.nus.iss.epat.tdd.workshop.ToDoListTest" time="0.0"/>
  <testcase name="testGetStatus" classname="sg.edu.nus.iss.epat.tdd.workshop.ToDoListTest" time="0.0"/>
</testsuite>